2025-09-07 14:15:05,976 INFO o.a.j.u.JMeterUtils: Setting Locale to en_EN
2025-09-07 14:15:05,988 INFO o.a.j.JMeter: Loading user properties from: /opt/homebrew/Cellar/jmeter/5.6.3/libexec/bin/user.properties
2025-09-07 14:15:05,988 INFO o.a.j.JMeter: Loading system properties from: /opt/homebrew/Cellar/jmeter/5.6.3/libexec/bin/system.properties
2025-09-07 14:15:05,990 INFO o.a.j.JMeter: Copyright (c) 1998-2024 The Apache Software Foundation
2025-09-07 14:15:05,990 INFO o.a.j.JMeter: Version 5.6.3
2025-09-07 14:15:05,990 INFO o.a.j.JMeter: java.version=21.0.8
2025-09-07 14:15:05,990 INFO o.a.j.JMeter: java.vm.name=OpenJDK 64-Bit Server VM
2025-09-07 14:15:05,990 INFO o.a.j.JMeter: os.name=Mac OS X
2025-09-07 14:15:05,990 INFO o.a.j.JMeter: os.arch=aarch64
2025-09-07 14:15:05,990 INFO o.a.j.JMeter: os.version=15.5
2025-09-07 14:15:05,990 INFO o.a.j.JMeter: file.encoding=UTF-8
2025-09-07 14:15:05,990 INFO o.a.j.JMeter: java.awt.headless=true
2025-09-07 14:15:05,990 INFO o.a.j.JMeter: Max memory     =1073741824
2025-09-07 14:15:05,991 INFO o.a.j.JMeter: Available Processors =8
2025-09-07 14:15:05,995 INFO o.a.j.JMeter: Default Locale=English (EN)
2025-09-07 14:15:05,995 INFO o.a.j.JMeter: JMeter  Locale=English (EN)
2025-09-07 14:15:05,995 INFO o.a.j.JMeter: JMeterHome=/opt/homebrew/Cellar/jmeter/5.6.3/libexec
2025-09-07 14:15:05,995 INFO o.a.j.JMeter: user.dir  =/Users/katali/Desktop/EnuygunPerformanceTesting
2025-09-07 14:15:05,995 INFO o.a.j.JMeter: PWD       =/Users/katali/Desktop/EnuygunPerformanceTesting
2025-09-07 14:15:06,000 INFO o.a.j.JMeter: IP: 192.168.1.45 Name: 192.168.1.45 FullName: 192.168.1.45
2025-09-07 14:15:06,007 INFO o.a.j.JMeter: Setting property 'jmeter.reportgenerator.outputdir' to:'/Users/katali/Desktop/EnuygunPerformanceTesting/report'
2025-09-07 14:15:06,008 INFO o.a.j.s.FileServer: Default base='/Users/katali/Desktop/EnuygunPerformanceTesting'
2025-09-07 14:15:06,009 INFO o.a.j.s.FileServer: Set new base='/Users/katali/Desktop/EnuygunPerformanceTesting'
2025-09-07 14:15:06,087 INFO o.a.j.s.SaveService: Testplan (JMX) version: 2.2. Testlog (JTL) version: 2.2
2025-09-07 14:15:06,107 INFO o.a.j.s.SaveService: Using SaveService properties version 5.0
2025-09-07 14:15:06,108 INFO o.a.j.s.SaveService: Using SaveService properties file encoding UTF-8
2025-09-07 14:15:06,109 INFO o.a.j.s.SaveService: Loading file: enuygun-flight-search.jmx
2025-09-07 14:15:06,127 INFO o.a.j.p.h.c.CookieManager: Settings: Delete null: true Check: true Allow variable: true Save: false Prefix: COOKIE_
2025-09-07 14:15:06,131 INFO o.a.j.p.h.c.CacheManager: Will only cache the following methods: [GET]
2025-09-07 14:15:06,157 INFO o.a.j.p.h.s.HTTPSamplerBase: Parser for text/html is org.apache.jmeter.protocol.http.parser.LagartoBasedHtmlParser
2025-09-07 14:15:06,158 INFO o.a.j.p.h.s.HTTPSamplerBase: Parser for application/xhtml+xml is org.apache.jmeter.protocol.http.parser.LagartoBasedHtmlParser
2025-09-07 14:15:06,158 INFO o.a.j.p.h.s.HTTPSamplerBase: Parser for application/xml is org.apache.jmeter.protocol.http.parser.LagartoBasedHtmlParser
2025-09-07 14:15:06,158 INFO o.a.j.p.h.s.HTTPSamplerBase: Parser for text/xml is org.apache.jmeter.protocol.http.parser.LagartoBasedHtmlParser
2025-09-07 14:15:06,158 INFO o.a.j.p.h.s.HTTPSamplerBase: Parser for text/vnd.wap.wml is org.apache.jmeter.protocol.http.parser.RegexpHTMLParser
2025-09-07 14:15:06,158 INFO o.a.j.p.h.s.HTTPSamplerBase: Parser for text/css is org.apache.jmeter.protocol.http.parser.CssParser
2025-09-07 14:15:06,173 INFO o.a.j.JMeter: Creating summariser <summary>
2025-09-07 14:15:06,175 INFO o.a.j.r.d.ReportGenerator: ReportGenerator will use for Parsing the separator: ','
2025-09-07 14:15:06,175 INFO o.a.j.r.d.ReportGenerator: Will generate report at end of test from  results file: results.jtl
2025-09-07 14:15:06,175 INFO o.a.j.r.d.ReportGenerator: Reading report generator properties from: /opt/homebrew/Cellar/jmeter/5.6.3/libexec/bin/reportgenerator.properties
2025-09-07 14:15:06,175 INFO o.a.j.r.d.ReportGenerator: Merging with JMeter properties
2025-09-07 14:15:06,177 INFO o.a.j.r.c.ReportGeneratorConfiguration: Property 'jmeter.reportgenerator.temp_dir' not found, using default value 'temp' instead.
2025-09-07 14:15:06,178 INFO o.a.j.r.c.ReportGeneratorConfiguration: Property 'jmeter.reportgenerator.apdex_per_transaction' not found, using default value 'null' instead.
2025-09-07 14:15:06,178 INFO o.a.j.r.c.ReportGeneratorConfiguration: apdex_per_transaction is empty, not APDEX per transaction customization
2025-09-07 14:15:06,178 INFO o.a.j.r.c.ReportGeneratorConfiguration: Property 'jmeter.reportgenerator.sample_filter' not found, using default value 'null' instead.
2025-09-07 14:15:06,178 INFO o.a.j.r.c.ReportGeneratorConfiguration: Property 'jmeter.reportgenerator.report_title' not found, using default value 'null' instead.
2025-09-07 14:15:06,178 INFO o.a.j.r.c.ReportGeneratorConfiguration: Property 'jmeter.reportgenerator.start_date' not found, using default value 'null' instead.
2025-09-07 14:15:06,178 INFO o.a.j.r.c.ReportGeneratorConfiguration: Property 'jmeter.reportgenerator.end_date' not found, using default value 'null' instead.
2025-09-07 14:15:06,178 INFO o.a.j.r.c.ReportGeneratorConfiguration: Property 'jmeter.reportgenerator.date_format' not found, using default value 'null' instead.
2025-09-07 14:15:06,179 INFO o.a.j.r.c.ReportGeneratorConfiguration: Will use date range start date: null, end date: null
2025-09-07 14:15:06,180 INFO o.a.j.r.c.ReportGeneratorConfiguration: Property 'jmeter.reportgenerator.graph.totalTPS.exclude_controllers' not found, using default value 'false' instead.
2025-09-07 14:15:06,180 INFO o.a.j.r.c.ReportGeneratorConfiguration: Property 'jmeter.reportgenerator.graph.activeThreadsOverTime.exclude_controllers' not found, using default value 'false' instead.
2025-09-07 14:15:06,180 INFO o.a.j.r.c.ReportGeneratorConfiguration: Property 'jmeter.reportgenerator.graph.timeVsThreads.exclude_controllers' not found, using default value 'false' instead.
2025-09-07 14:15:06,181 INFO o.a.j.r.c.ReportGeneratorConfiguration: Property 'jmeter.reportgenerator.graph.responseTimeDistribution.exclude_controllers' not found, using default value 'false' instead.
2025-09-07 14:15:06,181 INFO o.a.j.r.c.ReportGeneratorConfiguration: Property 'jmeter.reportgenerator.graph.transactionsPerSecond.exclude_controllers' not found, using default value 'false' instead.
2025-09-07 14:15:06,181 INFO o.a.j.r.c.ReportGeneratorConfiguration: Property 'jmeter.reportgenerator.graph.responseTimePercentiles.exclude_controllers' not found, using default value 'false' instead.
2025-09-07 14:15:06,181 INFO o.a.j.r.c.ReportGeneratorConfiguration: Property 'jmeter.reportgenerator.graph.responseTimePercentilesOverTime.exclude_controllers' not found, using default value 'false' instead.
2025-09-07 14:15:06,181 INFO o.a.j.r.c.ReportGeneratorConfiguration: Property 'jmeter.reportgenerator.graph.responseTimesOverTime.exclude_controllers' not found, using default value 'false' instead.
2025-09-07 14:15:06,181 INFO o.a.j.r.c.ReportGeneratorConfiguration: Property 'jmeter.reportgenerator.graph.connectTimeOverTime.exclude_controllers' not found, using default value 'false' instead.
2025-09-07 14:15:06,181 INFO o.a.j.r.c.ReportGeneratorConfiguration: Property 'jmeter.reportgenerator.graph.latenciesOverTime.exclude_controllers' not found, using default value 'false' instead.
2025-09-07 14:15:06,181 INFO o.a.j.r.c.ReportGeneratorConfiguration: Property 'jmeter.reportgenerator.exporter.json.filters_only_sample_series' not found, using default value 'true' instead.
2025-09-07 14:15:06,182 INFO o.a.j.r.c.ReportGeneratorConfiguration: Property 'jmeter.reportgenerator.exporter.json.series_filter' not found, using default value '' instead.
2025-09-07 14:15:06,182 INFO o.a.j.r.c.ReportGeneratorConfiguration: Property 'jmeter.reportgenerator.exporter.json.show_controllers_only' not found, using default value 'false' instead.
2025-09-07 14:15:06,182 INFO o.a.j.r.c.ReportGeneratorConfiguration: Property 'jmeter.reportgenerator.exporter.html.filters_only_sample_series' not found, using default value 'true' instead.
2025-09-07 14:15:06,182 INFO o.a.j.r.c.ReportGeneratorConfiguration: Property 'jmeter.reportgenerator.exporter.html.series_filter' not found, using default value '' instead.
2025-09-07 14:15:06,182 INFO o.a.j.r.c.ReportGeneratorConfiguration: Property 'jmeter.reportgenerator.exporter.html.show_controllers_only' not found, using default value 'false' instead.
2025-09-07 14:15:06,187 INFO o.a.j.e.StandardJMeterEngine: Running the test!
2025-09-07 14:15:06,188 INFO o.a.j.s.SampleEvent: List of sample_variables: []
2025-09-07 14:15:06,188 INFO o.a.j.s.SampleEvent: List of sample_variables: []
2025-09-07 14:15:06,190 INFO o.a.j.e.u.CompoundVariable: Note: Function class names must contain the string: '.functions.'
2025-09-07 14:15:06,190 INFO o.a.j.e.u.CompoundVariable: Note: Function class names must not contain the string: '.gui.'
2025-09-07 14:15:06,208 INFO o.a.j.r.ClassFinder: Will scan jar /opt/homebrew/Cellar/jmeter/5.6.3/libexec/lib/ext/jmeter-plugins-manager-1.9.jar with filter ExtendsClassFilter [parents=[interface org.apache.jmeter.functions.Function], inner=false, contains=null, notContains=null]. Consider exposing JMeter plugins via META-INF/services, and add JMeter-Skip-Class-Scanning=true manifest attribute so JMeter can skip classfile scanning
2025-09-07 14:15:06,343 INFO o.a.j.JMeter: Running test (1757243706343)
2025-09-07 14:15:06,343 INFO o.a.j.e.StandardJMeterEngine: Starting setUp thread groups
2025-09-07 14:15:06,343 INFO o.a.j.e.StandardJMeterEngine: Starting setUp ThreadGroup: 1 : Setup - Get Cookies 
2025-09-07 14:15:06,343 INFO o.a.j.e.StandardJMeterEngine: Starting 1 threads for group Setup - Get Cookies.
2025-09-07 14:15:06,343 INFO o.a.j.e.StandardJMeterEngine: Thread will continue on error
2025-09-07 14:15:06,344 INFO o.a.j.t.ThreadGroup: Starting thread group... number=1 threads=1 ramp-up=1 delayedStart=false
2025-09-07 14:15:06,345 INFO o.a.j.t.ThreadGroup: Started thread group number 1
2025-09-07 14:15:06,345 INFO o.a.j.e.StandardJMeterEngine: Waiting for all setup thread groups to exit
2025-09-07 14:15:06,346 INFO o.a.j.t.JMeterThread: Thread started: Setup - Get Cookies 1-1
2025-09-07 14:15:11,357 INFO o.a.j.s.SampleResult: Note: Sample TimeStamps are START times
2025-09-07 14:15:11,357 INFO o.a.j.s.SampleResult: sampleresult.default.encoding is set to UTF-8
2025-09-07 14:15:11,357 INFO o.a.j.s.SampleResult: sampleresult.useNanoTime=true
2025-09-07 14:15:11,357 INFO o.a.j.s.SampleResult: sampleresult.nanoThreadSleep=5000
2025-09-07 14:15:11,717 INFO o.a.j.p.j.s.J.Extract Cloudflare Cookies: === Starting Cookie Extraction ===
2025-09-07 14:15:12,015 INFO o.a.j.p.j.s.J.Extract Cloudflare Cookies: Initial request status: 200
2025-09-07 14:15:15,049 INFO o.a.j.p.j.s.J.Extract Cloudflare Cookies: Found 5 cookies
2025-09-07 14:15:15,061 INFO o.a.j.p.j.s.J.Extract Cloudflare Cookies: Cookie: CCI = cci2_1757243712049_a3f73cc2-f352-4e10-b4db-e52402a8b481
2025-09-07 14:15:15,068 INFO o.a.j.p.j.s.J.Extract Cloudflare Cookies: Cookie: SERVERID-SH = shwww3
2025-09-07 14:15:15,068 INFO o.a.j.p.j.s.J.Extract Cloudflare Cookies: Cookie: __cf_bm = h3Uy_955AziM458fQn2LY4gCco8O4VQsHfyxUoZcR8Y-1757243712-1.0.1.1-8Q4bbRHG70CETuj_sAWoieD8zXfGWDvZA9mlQUpbPn6ymkitJ4TCJbEdd9m.Qaxc.abUsO799OleJaWamMnERR63K8ANbx0taXZdCR7tJBY
2025-09-07 14:15:15,068 INFO o.a.j.p.j.s.J.Extract Cloudflare Cookies: Cookie: _cfuvid = 446hs_3oOSV7sEv9eoGWZQSqMsMzIWFA6UWyuXs9Sd8-1757243712104-0.0.1.1-604800000
2025-09-07 14:15:15,069 INFO o.a.j.p.j.s.J.Extract Cloudflare Cookies: Cookie: weg_sid = sid_1757243712049_aac57778-3999-4422-b7ee-f707c0dd51bc
2025-09-07 14:15:15,076 INFO o.a.j.p.j.s.J.Extract Cloudflare Cookies: === Cookie Extraction Complete ===
2025-09-07 14:15:15,079 INFO o.a.j.t.JMeterThread: Thread is done: Setup - Get Cookies 1-1
2025-09-07 14:15:15,079 INFO o.a.j.t.JMeterThread: Thread finished: Setup - Get Cookies 1-1
2025-09-07 14:15:15,079 INFO o.a.j.e.StandardJMeterEngine: All Setup Threads have ended
2025-09-07 14:15:15,097 INFO o.a.j.e.StandardJMeterEngine: Starting ThreadGroup: 1 : Flight Search Tests
2025-09-07 14:15:15,097 INFO o.a.j.e.StandardJMeterEngine: Starting 1 threads for group Flight Search Tests.
2025-09-07 14:15:15,097 INFO o.a.j.e.StandardJMeterEngine: Thread will continue on error
2025-09-07 14:15:15,097 INFO o.a.j.t.ThreadGroup: Starting thread group... number=1 threads=1 ramp-up=1 delayedStart=false
2025-09-07 14:15:15,098 INFO o.a.j.t.ThreadGroup: Started thread group number 1
2025-09-07 14:15:15,098 INFO o.a.j.e.StandardJMeterEngine: All thread groups have been started
2025-09-07 14:15:15,099 INFO o.a.j.t.JMeterThread: Thread started: Flight Search Tests 1-1
2025-09-07 14:15:22,515 INFO o.a.j.p.h.s.HTTPHCAbstractImpl: Local host = 192.168.1.45
2025-09-07 14:15:22,518 INFO o.a.j.p.h.s.HTTPHC4Impl: HTTP request retry count = 0
2025-09-07 14:15:22,525 INFO o.a.j.p.h.s.h.LazyLayeredConnectionSocketFactory: Setting up HTTPS TrustAll Socket Factory
2025-09-07 14:15:22,527 INFO o.a.j.u.JsseSSLManager: Using default SSL protocol: TLS
2025-09-07 14:15:22,527 INFO o.a.j.u.JsseSSLManager: SSL session context: per-thread
2025-09-07 14:15:22,536 INFO o.a.j.u.SSLManager: JmeterKeyStore Location:  type JKS
2025-09-07 14:15:22,537 INFO o.a.j.u.SSLManager: KeyStore created OK
2025-09-07 14:15:22,537 WARN o.a.j.u.SSLManager: Keystore file not found, loading empty keystore
2025-09-07 14:15:35,133 INFO o.a.j.r.Summariser: summary +      4 in 00:00:29 =    0.1/s Avg:  1111 Min:   174 Max:  3717 Err:     0 (0.00%) Active: 1 Started: 1 Finished: 0
2025-09-07 14:15:35,135 WARN o.a.j.p.h.s.HTTPSamplerBase: Existing CookieManager HTTP Cookie Manager superseded by HTTP Cookie Manager
2025-09-07 14:15:41,101 WARN o.a.j.p.h.s.HTTPSamplerBase: Existing CookieManager HTTP Cookie Manager superseded by HTTP Cookie Manager
2025-09-07 14:15:48,917 WARN o.a.j.p.h.s.HTTPSamplerBase: Existing CookieManager HTTP Cookie Manager superseded by HTTP Cookie Manager
2025-09-07 14:15:56,871 WARN o.a.j.p.h.s.HTTPSamplerBase: Existing CookieManager HTTP Cookie Manager superseded by HTTP Cookie Manager
2025-09-07 14:16:03,912 INFO o.a.j.r.Summariser: summary +      4 in 00:00:29 =    0.1/s Avg:   170 Min:    80 Max:   370 Err:     0 (0.00%) Active: 1 Started: 1 Finished: 0
2025-09-07 14:16:03,913 INFO o.a.j.r.Summariser: summary =      8 in 00:00:58 =    0.1/s Avg:   640 Min:    80 Max:  3717 Err:     0 (0.00%)
2025-09-07 14:16:03,913 WARN o.a.j.p.h.s.HTTPSamplerBase: Existing CookieManager HTTP Cookie Manager superseded by HTTP Cookie Manager
2025-09-07 14:16:09,462 WARN o.a.j.p.h.s.HTTPSamplerBase: Existing CookieManager HTTP Cookie Manager superseded by HTTP Cookie Manager
2025-09-07 14:16:17,150 WARN o.a.j.p.h.s.HTTPSamplerBase: Existing CookieManager HTTP Cookie Manager superseded by HTTP Cookie Manager
2025-09-07 14:16:24,933 WARN o.a.j.p.h.s.HTTPSamplerBase: Existing CookieManager HTTP Cookie Manager superseded by HTTP Cookie Manager
2025-09-07 14:16:30,491 INFO o.a.j.r.Summariser: summary +      4 in 00:00:27 =    0.2/s Avg:   169 Min:    77 Max:   380 Err:     0 (0.00%) Active: 1 Started: 1 Finished: 0
2025-09-07 14:16:30,491 INFO o.a.j.r.Summariser: summary =     12 in 00:01:24 =    0.1/s Avg:   483 Min:    77 Max:  3717 Err:     0 (0.00%)
2025-09-07 14:16:30,492 WARN o.a.j.p.h.s.HTTPSamplerBase: Existing CookieManager HTTP Cookie Manager superseded by HTTP Cookie Manager
2025-09-07 14:16:38,043 WARN o.a.j.p.h.s.HTTPSamplerBase: Existing CookieManager HTTP Cookie Manager superseded by HTTP Cookie Manager
2025-09-07 14:16:43,229 WARN o.a.j.p.h.s.HTTPSamplerBase: Existing CookieManager HTTP Cookie Manager superseded by HTTP Cookie Manager
2025-09-07 14:16:51,101 WARN o.a.j.p.h.s.HTTPSamplerBase: Existing CookieManager HTTP Cookie Manager superseded by HTTP Cookie Manager
2025-09-07 14:16:57,874 INFO o.a.j.t.JMeterThread: Thread is done: Flight Search Tests 1-1
2025-09-07 14:16:57,874 INFO o.a.j.t.JMeterThread: Thread finished: Flight Search Tests 1-1
2025-09-07 14:16:57,876 INFO o.a.j.e.StandardJMeterEngine: Notifying test listeners of end of test
2025-09-07 14:16:57,891 INFO o.a.j.r.Summariser: summary +      4 in 00:00:27 =    0.1/s Avg:   299 Min:   109 Max:   519 Err:     0 (0.00%) Active: 0 Started: 1 Finished: 1
2025-09-07 14:16:57,891 INFO o.a.j.r.Summariser: summary =     16 in 00:01:52 =    0.1/s Avg:   437 Min:    77 Max:  3717 Err:     0 (0.00%)
2025-09-07 14:16:57,892 INFO o.a.j.JMeter: Generating Dashboard
2025-09-07 14:16:57,892 INFO o.a.j.r.d.ReportGenerator: Flushing result collector before report Generation
2025-09-07 14:16:57,912 INFO o.a.j.r.p.NormalizerSampleConsumer: Using format, 'ms', to parse timeStamp field
2025-09-07 14:16:57,946 INFO o.a.j.r.p.AbstractSampleConsumer: class org.apache.jmeter.report.processor.AggregateConsumer#stopProducing(): beginDate produced 0 samples
2025-09-07 14:16:57,946 INFO o.a.j.r.p.AbstractSampleConsumer: class org.apache.jmeter.report.processor.AggregateConsumer#stopProducing(): endDate produced 0 samples
2025-09-07 14:16:57,948 INFO o.a.j.r.p.AbstractSampleConsumer: class org.apache.jmeter.report.processor.ApdexSummaryConsumer#stopProducing(): apdexSummary produced 0 samples
2025-09-07 14:16:57,948 INFO o.a.j.r.p.AbstractSampleConsumer: class org.apache.jmeter.report.processor.RequestsSummaryConsumer#stopProducing(): requestsSummary produced 0 samples
2025-09-07 14:16:57,950 INFO o.a.j.r.p.AbstractSampleConsumer: class org.apache.jmeter.report.processor.StatisticsSummaryConsumer#stopProducing(): statisticsSummary produced 0 samples
2025-09-07 14:16:57,951 INFO o.a.j.r.p.AbstractSampleConsumer: class org.apache.jmeter.report.processor.Top5ErrorsBySamplerConsumer#stopProducing(): top5ErrorsBySampler produced 0 samples
2025-09-07 14:16:57,951 INFO o.a.j.r.p.AbstractSampleConsumer: class org.apache.jmeter.report.processor.ErrorsSummaryConsumer#stopProducing(): errorsSummary produced 0 samples
2025-09-07 14:16:57,951 INFO o.a.j.r.p.AbstractSampleConsumer: class org.apache.jmeter.report.processor.graph.impl.HitsPerSecondGraphConsumer#stopProducing(): hitsPerSecond produced 0 samples
2025-09-07 14:16:57,958 INFO o.a.j.r.p.AbstractSampleConsumer: class org.apache.jmeter.report.processor.graph.impl.LatencyVSRequestGraphConsumer#stopProducing(): latencyVsRequest produced 0 samples
2025-09-07 14:16:57,958 INFO o.a.j.r.p.AbstractSampleConsumer: class org.apache.jmeter.report.processor.graph.impl.SyntheticResponseTimeDistributionGraphConsumer#stopProducing(): syntheticResponseTimeDistribution produced 0 samples
2025-09-07 14:16:57,958 INFO o.a.j.r.p.AbstractSampleConsumer: class org.apache.jmeter.report.processor.graph.impl.BytesThroughputGraphConsumer#stopProducing(): bytesThroughputOverTime produced 0 samples
2025-09-07 14:16:57,958 INFO o.a.j.r.p.AbstractSampleConsumer: class org.apache.jmeter.report.processor.graph.impl.CodesPerSecondGraphConsumer#stopProducing(): codesPerSecond produced 0 samples
2025-09-07 14:16:57,960 INFO o.a.j.r.p.AbstractSampleConsumer: class org.apache.jmeter.report.processor.graph.impl.ResponseTimeVSRequestGraphConsumer#stopProducing(): responseTimeVsRequest produced 0 samples
2025-09-07 14:16:57,960 INFO o.a.j.r.p.AbstractSampleConsumer: class org.apache.jmeter.report.processor.FilterConsumer#stopProducing(): startIntervalControlerFilter produced 154 samples
2025-09-07 14:16:57,960 INFO o.a.j.r.p.AbstractSampleConsumer: class org.apache.jmeter.report.processor.graph.impl.TotalTPSGraphConsumer#stopProducing(): totalTPS produced 0 samples
2025-09-07 14:16:57,960 INFO o.a.j.r.p.AbstractSampleConsumer: class org.apache.jmeter.report.processor.graph.impl.ActiveThreadsGraphConsumer#stopProducing(): activeThreadsOverTime produced 0 samples
2025-09-07 14:16:57,960 INFO o.a.j.r.p.AbstractSampleConsumer: class org.apache.jmeter.report.processor.graph.impl.TimeVSThreadGraphConsumer#stopProducing(): timeVsThreads produced 0 samples
2025-09-07 14:16:57,960 INFO o.a.j.r.p.AbstractSampleConsumer: class org.apache.jmeter.report.processor.graph.impl.ResponseTimeDistributionGraphConsumer#stopProducing(): responseTimeDistribution produced 0 samples
2025-09-07 14:16:57,960 INFO o.a.j.r.p.AbstractSampleConsumer: class org.apache.jmeter.report.processor.graph.impl.TransactionsPerSecondGraphConsumer#stopProducing(): transactionsPerSecond produced 0 samples
2025-09-07 14:16:57,960 INFO o.a.j.r.p.AbstractSampleConsumer: class org.apache.jmeter.report.processor.graph.impl.ResponseTimePercentilesGraphConsumer#stopProducing(): responseTimePercentiles produced 0 samples
2025-09-07 14:16:57,961 INFO o.a.j.r.p.AbstractSampleConsumer: class org.apache.jmeter.report.processor.graph.impl.ResponseTimePercentilesOverTimeGraphConsumer#stopProducing(): responseTimePercentilesOverTime produced 0 samples
2025-09-07 14:16:57,961 INFO o.a.j.r.p.AbstractSampleConsumer: class org.apache.jmeter.report.processor.graph.impl.ResponseTimeOverTimeGraphConsumer#stopProducing(): responseTimesOverTime produced 0 samples
2025-09-07 14:16:57,961 INFO o.a.j.r.p.AbstractSampleConsumer: class org.apache.jmeter.report.processor.graph.impl.ConnectTimeOverTimeGraphConsumer#stopProducing(): connectTimeOverTime produced 0 samples
2025-09-07 14:16:57,961 INFO o.a.j.r.p.AbstractSampleConsumer: class org.apache.jmeter.report.processor.graph.impl.LatencyOverTimeGraphConsumer#stopProducing(): latenciesOverTime produced 0 samples
2025-09-07 14:16:57,961 INFO o.a.j.r.p.AbstractSampleConsumer: class org.apache.jmeter.report.processor.FilterConsumer#stopProducing(): nameFilter produced 330 samples
2025-09-07 14:16:57,961 INFO o.a.j.r.p.AbstractSampleConsumer: class org.apache.jmeter.report.processor.FilterConsumer#stopProducing(): dateRangeFilter produced 66 samples
2025-09-07 14:16:57,961 INFO o.a.j.r.p.AbstractSampleConsumer: class org.apache.jmeter.report.processor.NormalizerSampleConsumer#stopProducing(): normalizer produced 22 samples
2025-09-07 14:16:57,961 INFO o.a.j.r.p.CsvFileSampleSource: produce(): 22 samples produced in 34ms on channel 0
2025-09-07 14:16:57,962 INFO o.a.j.r.d.ReportGenerator: Exporting data using exporter:'json' of className:'org.apache.jmeter.report.dashboard.JsonExporter'
2025-09-07 14:16:58,001 INFO o.a.j.r.d.JsonExporter: Found data for consumer statisticsSummary in context
2025-09-07 14:16:58,001 INFO o.a.j.r.d.JsonExporter: Creating statistics for overall
2025-09-07 14:16:58,001 INFO o.a.j.r.d.JsonExporter: Creating statistics for other transactions
2025-09-07 14:16:58,002 INFO o.a.j.r.d.JsonExporter: Checking output folder
2025-09-07 14:16:58,002 INFO o.a.j.r.d.JsonExporter: Writing statistics JSON to /Users/katali/Desktop/EnuygunPerformanceTesting/report/statistics.json
2025-09-07 14:16:58,021 INFO o.a.j.r.d.ReportGenerator: Exporting data using exporter:'html' of className:'org.apache.jmeter.report.dashboard.HtmlTemplateExporter'
2025-09-07 14:16:58,022 INFO o.a.j.r.d.HtmlTemplateExporter: Will generate dashboard in folder: /Users/katali/Desktop/EnuygunPerformanceTesting/report
2025-09-07 14:16:58,072 INFO o.a.j.r.d.HtmlTemplateExporter: Report will be generated in: /Users/katali/Desktop/EnuygunPerformanceTesting/report, creating folder structure
2025-09-07 14:16:58,072 INFO o.a.j.r.d.TemplateVisitor: Copying folder from '/opt/homebrew/Cellar/jmeter/5.6.3/libexec/bin/report-template' to '/Users/katali/Desktop/EnuygunPerformanceTesting/report', got message: /Users/katali/Desktop/EnuygunPerformanceTesting/report, found non empty folder with following content [/Users/katali/Desktop/EnuygunPerformanceTesting/report/statistics.json], will be ignored
2025-09-07 14:16:58,211 INFO o.a.j.JMeter: Dashboard generated
